Arguments: 
  /usr/local/Cellar/node/8.9.1/bin/node /usr/local/Cellar/yarn/1.3.2/libexec/bin/yarn.js

PATH: 
  /usr/local/bin:/usr/bin:/bin:/usr/sbin:/sbin:/Users/zhaohang/go/bin:/Users/zhaohang/.rvm/bin

Yarn version: 
  1.3.2

Node version: 
  8.9.1

Platform: 
  darwin x64

npm manifest: 
  {
    "name": "hexo-site",
    "version": "0.0.0",
    "private": true,
    "hexo": {
      "version": ""
    },
    "dependencies": {
      "hexo": "^3.2.0",
      "hexo-generator-archive": "^0.1.4",
      "hexo-generator-category": "^0.1.3",
      "hexo-generator-index": "^0.2.0",
      "hexo-generator-tag": "^0.2.0",
      "hexo-renderer-ejs": "^0.2.0",
      "hexo-renderer-stylus": "^0.3.1",
      "hexo-renderer-marked": "^0.2.10",
      "hexo-server": "^0.2.0"
    }
  }

yarn manifest: 
  No manifest

Lockfile: 
  No lockfile

Trace: 
  Error: https://registry.yarnpkg.com/archy: ETIMEDOUT
      at Timeout._onTimeout (/usr/local/Cellar/yarn/1.3.2/libexec/lib/cli.js:123749:19)
      at ontimeout (timers.js:475:11)
      at tryOnTimeout (timers.js:310:5)
      at Timer.listOnTimeout (timers.js:270:5)
